{"C:\\Users\\noah1\\Documents\\GitHub\\Pizzeria-don-remolo-backend\\src\\__test__\\appBootstrapper.ts": {"path":"C:\\Users\\noah1\\Documents\\GitHub\\Pizzeria-don-remolo-backend\\src\\__test__\\appBootstrapper.ts","statementMap":{"0":{"start":{"line":1,"column":0},"end":{"line":1,"column":79}},"1":{"start":{"line":4,"column":0},"end":{"line":4,"column":23}},"2":{"start":{"line":5,"column":0},"end":{"line":5,"column":69}},"3":{"start":{"line":6,"column":0},"end":{"line":6,"column":60}},"4":{"start":{"line":7,"column":0},"end":{"line":7,"column":42}},"5":{"start":{"line":10,"column":0},"end":{"line":12,"column":null}},"6":{"start":{"line":15,"column":14},"end":{"line":15,"column":23}},"7":{"start":{"line":17,"column":20},"end":{"line":17,"column":31}},"8":{"start":{"line":18,"column":2},"end":{"line":18,"column":null}},"9":{"start":{"line":19,"column":2},"end":{"line":19,"column":null}},"10":{"start":{"line":20,"column":2},"end":{"line":20,"column":null}},"11":{"start":{"line":22,"column":2},"end":{"line":22,"column":null}},"12":{"start":{"line":23,"column":2},"end":{"line":23,"column":null}},"13":{"start":{"line":25,"column":2},"end":{"line":29,"column":null}},"14":{"start":{"line":26,"column":4},"end":{"line":26,"column":null}},"15":{"start":{"line":27,"column":4},"end":{"line":27,"column":null}},"16":{"start":{"line":28,"column":4},"end":{"line":28,"column":null}},"17":{"start":{"line":31,"column":2},"end":{"line":31,"column":null}},"18":{"start":{"line":14,"column":0},"end":{"line":14,"column":24}}},"fnMap":{"0":{"name":"AppBootstrapper","decl":{"start":{"line":14,"column":24},"end":{"line":14,"column":39}},"loc":{"start":{"line":14,"column":39},"end":{"line":32,"column":1}}},"1":{"name":"(anonymous_2)","decl":{"start":{"line":25,"column":10},"end":{"line":25,"column":20}},"loc":{"start":{"line":25,"column":77},"end":{"line":29,"column":3}}}},"branchMap":{},"s":{"0":1,"1":1,"2":1,"3":1,"4":1,"5":1,"6":1,"7":1,"8":1,"9":1,"10":1,"11":1,"12":1,"13":1,"14":0,"15":0,"16":0,"17":1,"18":1},"f":{"0":1,"1":0},"b":{}}
,"C:\\Users\\noah1\\Documents\\GitHub\\Pizzeria-don-remolo-backend\\src\\config\\DIConfig.ts": {"path":"C:\\Users\\noah1\\Documents\\GitHub\\Pizzeria-don-remolo-backend\\src\\config\\DIConfig.ts","statementMap":{"0":{"start":{"line":1,"column":0},"end":{"line":1,"column":75}},"1":{"start":{"line":2,"column":0},"end":{"line":2,"column":37}},"2":{"start":{"line":3,"column":0},"end":{"line":3,"column":78}},"3":{"start":{"line":4,"column":0},"end":{"line":4,"column":104}},"4":{"start":{"line":5,"column":0},"end":{"line":5,"column":69}},"5":{"start":{"line":6,"column":0},"end":{"line":6,"column":null}},"6":{"start":{"line":12,"column":17},"end":{"line":35,"column":1}},"7":{"start":{"line":13,"column":2},"end":{"line":19,"column":null}},"8":{"start":{"line":14,"column":22},"end":{"line":17,"column":6}},"9":{"start":{"line":18,"column":4},"end":{"line":18,"column":null}},"10":{"start":{"line":21,"column":2},"end":{"line":24,"column":null}},"11":{"start":{"line":22,"column":22},"end":{"line":22,"column":54}},"12":{"start":{"line":23,"column":4},"end":{"line":23,"column":null}},"13":{"start":{"line":26,"column":2},"end":{"line":32,"column":null}},"14":{"start":{"line":27,"column":22},"end":{"line":30,"column":6}},"15":{"start":{"line":31,"column":4},"end":{"line":31,"column":null}},"16":{"start":{"line":34,"column":2},"end":{"line":34,"column":null}},"17":{"start":{"line":37,"column":27},"end":{"line":39,"column":1}},"18":{"start":{"line":38,"column":2},"end":{"line":38,"column":null}},"19":{"start":{"line":41,"column":30},"end":{"line":43,"column":1}},"20":{"start":{"line":42,"column":2},"end":{"line":42,"column":null}},"21":{"start":{"line":45,"column":29},"end":{"line":49,"column":1}},"22":{"start":{"line":46,"column":2},"end":{"line":48,"column":null}},"23":{"start":{"line":51,"column":27},"end":{"line":58,"column":1}},"24":{"start":{"line":52,"column":2},"end":{"line":57,"column":null}},"25":{"start":{"line":60,"column":30},"end":{"line":67,"column":1}},"26":{"start":{"line":61,"column":2},"end":{"line":66,"column":null}},"27":{"start":{"line":70,"column":20},"end":{"line":70,"column":37}},"28":{"start":{"line":71,"column":2},"end":{"line":71,"column":null}},"29":{"start":{"line":72,"column":2},"end":{"line":72,"column":null}},"30":{"start":{"line":73,"column":2},"end":{"line":73,"column":35}},"31":{"start":{"line":74,"column":3},"end":{"line":74,"column":null}},"32":{"start":{"line":75,"column":2},"end":{"line":75,"column":null}},"33":{"start":{"line":69,"column":0},"end":{"line":69,"column":24}}},"fnMap":{"0":{"name":"(anonymous_6)","decl":{"start":{"line":12,"column":17},"end":{"line":12,"column":31}},"loc":{"start":{"line":12,"column":33},"end":{"line":35,"column":1}}},"1":{"name":"(anonymous_7)","decl":{"start":{"line":37,"column":27},"end":{"line":37,"column":28}},"loc":{"start":{"line":37,"column":73},"end":{"line":39,"column":1}}},"2":{"name":"(anonymous_8)","decl":{"start":{"line":41,"column":30},"end":{"line":41,"column":31}},"loc":{"start":{"line":41,"column":79},"end":{"line":43,"column":1}}},"3":{"name":"(anonymous_9)","decl":{"start":{"line":45,"column":29},"end":{"line":45,"column":30}},"loc":{"start":{"line":45,"column":62},"end":{"line":49,"column":1}}},"4":{"name":"(anonymous_10)","decl":{"start":{"line":51,"column":27},"end":{"line":51,"column":28}},"loc":{"start":{"line":51,"column":60},"end":{"line":58,"column":1}}},"5":{"name":"(anonymous_11)","decl":{"start":{"line":60,"column":30},"end":{"line":60,"column":31}},"loc":{"start":{"line":60,"column":63},"end":{"line":67,"column":1}}},"6":{"name":"ConfigDIC","decl":{"start":{"line":69,"column":24},"end":{"line":69,"column":33}},"loc":{"start":{"line":69,"column":33},"end":{"line":76,"column":1}}}},"branchMap":{"0":{"loc":{"start":{"line":13,"column":2},"end":{"line":19,"column":null}},"type":"if","locations":[{"start":{"line":13,"column":2},"end":{"line":19,"column":null}}]},"1":{"loc":{"start":{"line":21,"column":2},"end":{"line":24,"column":null}},"type":"if","locations":[{"start":{"line":21,"column":2},"end":{"line":24,"column":null}}]},"2":{"loc":{"start":{"line":26,"column":2},"end":{"line":32,"column":null}},"type":"if","locations":[{"start":{"line":26,"column":2},"end":{"line":32,"column":null}}]}},"s":{"0":1,"1":1,"2":1,"3":1,"4":1,"5":1,"6":1,"7":1,"8":0,"9":0,"10":1,"11":1,"12":1,"13":0,"14":0,"15":0,"16":0,"17":1,"18":1,"19":1,"20":1,"21":1,"22":1,"23":1,"24":1,"25":1,"26":1,"27":1,"28":1,"29":1,"30":1,"31":1,"32":1,"33":1},"f":{"0":1,"1":1,"2":1,"3":1,"4":1,"5":1,"6":1},"b":{"0":[0],"1":[1],"2":[0]}}
,"C:\\Users\\noah1\\Documents\\GitHub\\Pizzeria-don-remolo-backend\\src\\modules\\product\\product.module.ts": {"path":"C:\\Users\\noah1\\Documents\\GitHub\\Pizzeria-don-remolo-backend\\src\\modules\\product\\product.module.ts","statementMap":{"0":{"start":{"line":3,"column":0},"end":{"line":3,"column":9}},"1":{"start":{"line":15,"column":2},"end":{"line":3,"column":70}},"2":{"start":{"line":4,"column":0},"end":{"line":4,"column":9}},"3":{"start":{"line":16,"column":2},"end":{"line":4,"column":71}},"4":{"start":{"line":5,"column":0},"end":{"line":5,"column":9}},"5":{"start":{"line":14,"column":2},"end":{"line":5,"column":66}},"6":{"start":{"line":7,"column":26},"end":{"line":10,"column":1}},"7":{"start":{"line":8,"column":48},"end":{"line":8,"column":97}},"8":{"start":{"line":9,"column":2},"end":{"line":9,"column":null}},"9":{"start":{"line":13,"column":2},"end":{"line":13,"column":19}}},"fnMap":{"0":{"name":"(anonymous_0)","decl":{"start":{"line":15,"column":2},"end":{"line":15,"column":16}},"loc":{"start":{"line":15,"column":2},"end":{"line":3,"column":70}}},"1":{"name":"(anonymous_1)","decl":{"start":{"line":16,"column":2},"end":{"line":16,"column":19}},"loc":{"start":{"line":16,"column":2},"end":{"line":4,"column":71}}},"2":{"name":"(anonymous_2)","decl":{"start":{"line":14,"column":2},"end":{"line":14,"column":19}},"loc":{"start":{"line":14,"column":2},"end":{"line":5,"column":66}}},"3":{"name":"(anonymous_3)","decl":{"start":{"line":7,"column":26},"end":{"line":7,"column":27}},"loc":{"start":{"line":7,"column":77},"end":{"line":10,"column":1}}}},"branchMap":{},"s":{"0":1,"1":3,"2":1,"3":4,"4":1,"5":2,"6":1,"7":1,"8":1,"9":1},"f":{"0":2,"1":3,"2":1,"3":1},"b":{}}
,"C:\\Users\\noah1\\Documents\\GitHub\\Pizzeria-don-remolo-backend\\src\\modules\\product\\application\\error\\ProductEntityNotDefined.ts": {"path":"C:\\Users\\noah1\\Documents\\GitHub\\Pizzeria-don-remolo-backend\\src\\modules\\product\\application\\error\\ProductEntityNotDefined.ts","statementMap":{"0":{"start":{"line":5,"column":4},"end":{"line":5,"column":null}},"1":{"start":{"line":6,"column":4},"end":{"line":6,"column":null}},"2":{"start":{"line":7,"column":4},"end":{"line":7,"column":null}},"3":{"start":{"line":8,"column":4},"end":{"line":8,"column":null}},"4":{"start":{"line":1,"column":0},"end":{"line":1,"column":13}}},"fnMap":{"0":{"name":"(anonymous_0)","decl":{"start":{"line":4,"column":2},"end":{"line":4,"column":null}},"loc":{"start":{"line":4,"column":2},"end":{"line":9,"column":3}}}},"branchMap":{},"s":{"0":0,"1":0,"2":0,"3":0,"4":1},"f":{"0":0},"b":{}}
,"C:\\Users\\noah1\\Documents\\GitHub\\Pizzeria-don-remolo-backend\\src\\modules\\product\\application\\mapper\\fromModelToEntity.ts": {"path":"C:\\Users\\noah1\\Documents\\GitHub\\Pizzeria-don-remolo-backend\\src\\modules\\product\\application\\mapper\\fromModelToEntity.ts","statementMap":{"0":{"start":{"line":1,"column":0},"end":{"line":1,"column":53}},"1":{"start":{"line":3,"column":33},"end":{"line":21,"column":1}},"2":{"start":{"line":12,"column":24},"end":{"line":18,"column":14}},"3":{"start":{"line":20,"column":2},"end":{"line":20,"column":null}},"4":{"start":{"line":3,"column":13},"end":{"line":3,"column":33}}},"fnMap":{"0":{"name":"(anonymous_0)","decl":{"start":{"line":3,"column":33},"end":{"line":3,"column":34}},"loc":{"start":{"line":11,"column":19},"end":{"line":21,"column":1}}}},"branchMap":{},"s":{"0":1,"1":1,"2":0,"3":0,"4":1},"f":{"0":0},"b":{}}
,"C:\\Users\\noah1\\Documents\\GitHub\\Pizzeria-don-remolo-backend\\src\\modules\\product\\application\\service\\product.service.ts": {"path":"C:\\Users\\noah1\\Documents\\GitHub\\Pizzeria-don-remolo-backend\\src\\modules\\product\\application\\service\\product.service.ts","statementMap":{"0":{"start":{"line":1,"column":0},"end":{"line":1,"column":53}},"1":{"start":{"line":3,"column":0},"end":{"line":3,"column":74}},"2":{"start":{"line":6,"column":32},"end":{"line":6,"column":68}},"3":{"start":{"line":9,"column":4},"end":{"line":11,"column":null}},"4":{"start":{"line":10,"column":6},"end":{"line":10,"column":null}},"5":{"start":{"line":13,"column":25},"end":{"line":13,"column":74}},"6":{"start":{"line":15,"column":4},"end":{"line":15,"column":null}},"7":{"start":{"line":5,"column":0},"end":{"line":5,"column":13}}},"fnMap":{"0":{"name":"(anonymous_7)","decl":{"start":{"line":6,"column":2},"end":{"line":6,"column":32}},"loc":{"start":{"line":6,"column":68},"end":{"line":6,"column":72}}},"1":{"name":"(anonymous_8)","decl":{"start":{"line":8,"column":8},"end":{"line":8,"column":18}},"loc":{"start":{"line":8,"column":36},"end":{"line":16,"column":null}}}},"branchMap":{"0":{"loc":{"start":{"line":9,"column":4},"end":{"line":11,"column":null}},"type":"if","locations":[{"start":{"line":9,"column":4},"end":{"line":11,"column":null}}]}},"s":{"0":1,"1":1,"2":1,"3":0,"4":0,"5":0,"6":0,"7":1},"f":{"0":1,"1":0},"b":{"0":[0]}}
,"C:\\Users\\noah1\\Documents\\GitHub\\Pizzeria-don-remolo-backend\\src\\modules\\product\\domain\\product.entity.ts": {"path":"C:\\Users\\noah1\\Documents\\GitHub\\Pizzeria-don-remolo-backend\\src\\modules\\product\\domain\\product.entity.ts","statementMap":{"0":{"start":{"line":17,"column":4},"end":{"line":17,"column":null}},"1":{"start":{"line":18,"column":4},"end":{"line":18,"column":null}},"2":{"start":{"line":19,"column":4},"end":{"line":19,"column":null}},"3":{"start":{"line":20,"column":4},"end":{"line":20,"column":null}},"4":{"start":{"line":21,"column":4},"end":{"line":21,"column":null}},"5":{"start":{"line":22,"column":4},"end":{"line":22,"column":null}},"6":{"start":{"line":23,"column":4},"end":{"line":23,"column":null}},"7":{"start":{"line":1,"column":0},"end":{"line":1,"column":13}}},"fnMap":{"0":{"name":"(anonymous_0)","decl":{"start":{"line":10,"column":2},"end":{"line":10,"column":15}},"loc":{"start":{"line":16,"column":21},"end":{"line":24,"column":3}}}},"branchMap":{},"s":{"0":0,"1":0,"2":0,"3":0,"4":0,"5":0,"6":0,"7":1},"f":{"0":0},"b":{}}
,"C:\\Users\\noah1\\Documents\\GitHub\\Pizzeria-don-remolo-backend\\src\\modules\\product\\infrastructure\\product.model.ts": {"path":"C:\\Users\\noah1\\Documents\\GitHub\\Pizzeria-don-remolo-backend\\src\\modules\\product\\infrastructure\\product.model.ts","statementMap":{"0":{"start":{"line":1,"column":0},"end":{"line":1,"column":55}},"1":{"start":{"line":5,"column":4},"end":{"line":38,"column":null}},"2":{"start":{"line":39,"column":4},"end":{"line":39,"column":null}},"3":{"start":{"line":3,"column":0},"end":{"line":3,"column":13}}},"fnMap":{"0":{"name":"(anonymous_0)","decl":{"start":{"line":4,"column":2},"end":{"line":4,"column":8}},"loc":{"start":{"line":4,"column":44},"end":{"line":40,"column":3}}}},"branchMap":{},"s":{"0":1,"1":1,"2":1,"3":1},"f":{"0":1},"b":{}}
,"C:\\Users\\noah1\\Documents\\GitHub\\Pizzeria-don-remolo-backend\\src\\modules\\product\\infrastructure\\product.repository.ts": {"path":"C:\\Users\\noah1\\Documents\\GitHub\\Pizzeria-don-remolo-backend\\src\\modules\\product\\infrastructure\\product.repository.ts","statementMap":{"0":{"start":{"line":3,"column":0},"end":{"line":3,"column":75}},"1":{"start":{"line":8,"column":4},"end":{"line":8,"column":null}},"2":{"start":{"line":12,"column":25},"end":{"line":12,"column":114}},"3":{"start":{"line":14,"column":4},"end":{"line":14,"column":null}},"4":{"start":{"line":5,"column":0},"end":{"line":5,"column":13}}},"fnMap":{"0":{"name":"(anonymous_7)","decl":{"start":{"line":7,"column":2},"end":{"line":7,"column":15}},"loc":{"start":{"line":7,"column":41},"end":{"line":9,"column":3}}},"1":{"name":"(anonymous_8)","decl":{"start":{"line":11,"column":8},"end":{"line":11,"column":19}},"loc":{"start":{"line":11,"column":37},"end":{"line":15,"column":null}}}},"branchMap":{},"s":{"0":1,"1":1,"2":0,"3":0,"4":1},"f":{"0":1,"1":0},"b":{}}
,"C:\\Users\\noah1\\Documents\\GitHub\\Pizzeria-don-remolo-backend\\src\\modules\\product\\interface\\product.controller.ts": {"path":"C:\\Users\\noah1\\Documents\\GitHub\\Pizzeria-don-remolo-backend\\src\\modules\\product\\interface\\product.controller.ts","statementMap":{"0":{"start":{"line":8,"column":32},"end":{"line":8,"column":62}},"1":{"start":{"line":8,"column":81},"end":{"line":8,"column":117}},"2":{"start":{"line":6,"column":2},"end":{"line":6,"column":null}},"3":{"start":{"line":11,"column":4},"end":{"line":11,"column":null}},"4":{"start":{"line":15,"column":4},"end":{"line":15,"column":null}},"5":{"start":{"line":16,"column":4},"end":{"line":16,"column":null}},"6":{"start":{"line":5,"column":0},"end":{"line":5,"column":13}}},"fnMap":{"0":{"name":"(anonymous_0)","decl":{"start":{"line":8,"column":2},"end":{"line":8,"column":32}},"loc":{"start":{"line":8,"column":117},"end":{"line":8,"column":121}}},"1":{"name":"(anonymous_1)","decl":{"start":{"line":10,"column":2},"end":{"line":10,"column":17}},"loc":{"start":{"line":10,"column":35},"end":{"line":12,"column":3}}},"2":{"name":"(anonymous_2)","decl":{"start":{"line":14,"column":2},"end":{"line":14,"column":16}},"loc":{"start":{"line":14,"column":45},"end":{"line":17,"column":3}}}},"branchMap":{},"s":{"0":1,"1":1,"2":1,"3":1,"4":1,"5":1,"6":1},"f":{"0":1,"1":1,"2":1},"b":{}}
,"C:\\Users\\noah1\\Documents\\GitHub\\Pizzeria-don-remolo-backend\\src\\modules\\user\\user.module.ts": {"path":"C:\\Users\\noah1\\Documents\\GitHub\\Pizzeria-don-remolo-backend\\src\\modules\\user\\user.module.ts","statementMap":{"0":{"start":{"line":3,"column":0},"end":{"line":3,"column":9}},"1":{"start":{"line":14,"column":2},"end":{"line":3,"column":60}},"2":{"start":{"line":4,"column":0},"end":{"line":4,"column":9}},"3":{"start":{"line":15,"column":2},"end":{"line":4,"column":64}},"4":{"start":{"line":5,"column":0},"end":{"line":5,"column":9}},"5":{"start":{"line":16,"column":2},"end":{"line":5,"column":65}},"6":{"start":{"line":7,"column":23},"end":{"line":10,"column":1}},"7":{"start":{"line":8,"column":42},"end":{"line":8,"column":88}},"8":{"start":{"line":9,"column":2},"end":{"line":9,"column":null}},"9":{"start":{"line":13,"column":2},"end":{"line":13,"column":16}}},"fnMap":{"0":{"name":"(anonymous_0)","decl":{"start":{"line":14,"column":2},"end":{"line":14,"column":16}},"loc":{"start":{"line":14,"column":2},"end":{"line":3,"column":60}}},"1":{"name":"(anonymous_1)","decl":{"start":{"line":15,"column":2},"end":{"line":15,"column":13}},"loc":{"start":{"line":15,"column":2},"end":{"line":4,"column":64}}},"2":{"name":"(anonymous_2)","decl":{"start":{"line":16,"column":2},"end":{"line":16,"column":16}},"loc":{"start":{"line":16,"column":2},"end":{"line":5,"column":65}}},"3":{"name":"(anonymous_3)","decl":{"start":{"line":7,"column":23},"end":{"line":7,"column":24}},"loc":{"start":{"line":7,"column":74},"end":{"line":10,"column":1}}}},"branchMap":{},"s":{"0":1,"1":2,"2":1,"3":3,"4":1,"5":4,"6":1,"7":1,"8":1,"9":1},"f":{"0":1,"1":2,"2":3,"3":1},"b":{}}
,"C:\\Users\\noah1\\Documents\\GitHub\\Pizzeria-don-remolo-backend\\src\\modules\\user\\application\\error\\UserEntityNotDefined.ts": {"path":"C:\\Users\\noah1\\Documents\\GitHub\\Pizzeria-don-remolo-backend\\src\\modules\\user\\application\\error\\UserEntityNotDefined.ts","statementMap":{"0":{"start":{"line":5,"column":4},"end":{"line":5,"column":null}},"1":{"start":{"line":6,"column":4},"end":{"line":6,"column":null}},"2":{"start":{"line":7,"column":4},"end":{"line":7,"column":null}},"3":{"start":{"line":8,"column":4},"end":{"line":8,"column":null}},"4":{"start":{"line":1,"column":0},"end":{"line":1,"column":13}}},"fnMap":{"0":{"name":"(anonymous_0)","decl":{"start":{"line":4,"column":2},"end":{"line":4,"column":null}},"loc":{"start":{"line":4,"column":2},"end":{"line":9,"column":3}}}},"branchMap":{},"s":{"0":0,"1":0,"2":0,"3":0,"4":1},"f":{"0":0},"b":{}}
,"C:\\Users\\noah1\\Documents\\GitHub\\Pizzeria-don-remolo-backend\\src\\modules\\user\\application\\mapper\\fromModelToEntity.ts": {"path":"C:\\Users\\noah1\\Documents\\GitHub\\Pizzeria-don-remolo-backend\\src\\modules\\user\\application\\mapper\\fromModelToEntity.ts","statementMap":{"0":{"start":{"line":1,"column":0},"end":{"line":1,"column":47}},"1":{"start":{"line":3,"column":33},"end":{"line":7,"column":1}},"2":{"start":{"line":4,"column":21},"end":{"line":4,"column":72}},"3":{"start":{"line":6,"column":2},"end":{"line":6,"column":null}},"4":{"start":{"line":3,"column":13},"end":{"line":3,"column":33}}},"fnMap":{"0":{"name":"(anonymous_0)","decl":{"start":{"line":3,"column":33},"end":{"line":3,"column":34}},"loc":{"start":{"line":3,"column":94},"end":{"line":7,"column":1}}}},"branchMap":{},"s":{"0":1,"1":1,"2":0,"3":0,"4":1},"f":{"0":0},"b":{}}
,"C:\\Users\\noah1\\Documents\\GitHub\\Pizzeria-don-remolo-backend\\src\\modules\\user\\application\\service\\user.service.ts": {"path":"C:\\Users\\noah1\\Documents\\GitHub\\Pizzeria-don-remolo-backend\\src\\modules\\user\\application\\service\\user.service.ts","statementMap":{"0":{"start":{"line":1,"column":0},"end":{"line":1,"column":47}},"1":{"start":{"line":3,"column":0},"end":{"line":3,"column":68}},"2":{"start":{"line":7,"column":32},"end":{"line":7,"column":63}},"3":{"start":{"line":12,"column":4},"end":{"line":14,"column":null}},"4":{"start":{"line":13,"column":6},"end":{"line":13,"column":null}},"5":{"start":{"line":16,"column":22},"end":{"line":16,"column":62}},"6":{"start":{"line":18,"column":4},"end":{"line":18,"column":null}},"7":{"start":{"line":6,"column":0},"end":{"line":6,"column":13}}},"fnMap":{"0":{"name":"(anonymous_7)","decl":{"start":{"line":7,"column":2},"end":{"line":7,"column":32}},"loc":{"start":{"line":7,"column":63},"end":{"line":9,"column":3}}},"1":{"name":"(anonymous_8)","decl":{"start":{"line":11,"column":8},"end":{"line":11,"column":15}},"loc":{"start":{"line":11,"column":27},"end":{"line":19,"column":null}}}},"branchMap":{"0":{"loc":{"start":{"line":12,"column":4},"end":{"line":14,"column":null}},"type":"if","locations":[{"start":{"line":12,"column":4},"end":{"line":14,"column":null}}]}},"s":{"0":1,"1":1,"2":1,"3":0,"4":0,"5":0,"6":0,"7":1},"f":{"0":1,"1":0},"b":{"0":[0]}}
,"C:\\Users\\noah1\\Documents\\GitHub\\Pizzeria-don-remolo-backend\\src\\modules\\user\\domain\\user.entity.ts": {"path":"C:\\Users\\noah1\\Documents\\GitHub\\Pizzeria-don-remolo-backend\\src\\modules\\user\\domain\\user.entity.ts","statementMap":{"0":{"start":{"line":8,"column":4},"end":{"line":8,"column":null}},"1":{"start":{"line":9,"column":4},"end":{"line":9,"column":null}},"2":{"start":{"line":10,"column":4},"end":{"line":10,"column":null}},"3":{"start":{"line":11,"column":4},"end":{"line":11,"column":null}},"4":{"start":{"line":12,"column":4},"end":{"line":12,"column":null}},"5":{"start":{"line":1,"column":0},"end":{"line":1,"column":13}}},"fnMap":{"0":{"name":"(anonymous_0)","decl":{"start":{"line":7,"column":2},"end":{"line":7,"column":15}},"loc":{"start":{"line":7,"column":97},"end":{"line":13,"column":3}}}},"branchMap":{},"s":{"0":0,"1":0,"2":0,"3":0,"4":0,"5":1},"f":{"0":0},"b":{}}
,"C:\\Users\\noah1\\Documents\\GitHub\\Pizzeria-don-remolo-backend\\src\\modules\\user\\infrastructure\\user.model.ts": {"path":"C:\\Users\\noah1\\Documents\\GitHub\\Pizzeria-don-remolo-backend\\src\\modules\\user\\infrastructure\\user.model.ts","statementMap":{"0":{"start":{"line":2,"column":0},"end":{"line":2,"column":55}},"1":{"start":{"line":6,"column":4},"end":{"line":36,"column":null}},"2":{"start":{"line":38,"column":4},"end":{"line":38,"column":null}},"3":{"start":{"line":4,"column":0},"end":{"line":4,"column":13}}},"fnMap":{"0":{"name":"(anonymous_0)","decl":{"start":{"line":5,"column":2},"end":{"line":5,"column":8}},"loc":{"start":{"line":5,"column":44},"end":{"line":39,"column":3}}}},"branchMap":{},"s":{"0":1,"1":1,"2":1,"3":1},"f":{"0":1},"b":{}}
,"C:\\Users\\noah1\\Documents\\GitHub\\Pizzeria-don-remolo-backend\\src\\modules\\user\\infrastructure\\user.repository.ts": {"path":"C:\\Users\\noah1\\Documents\\GitHub\\Pizzeria-don-remolo-backend\\src\\modules\\user\\infrastructure\\user.repository.ts","statementMap":{"0":{"start":{"line":2,"column":0},"end":{"line":2,"column":75}},"1":{"start":{"line":10,"column":4},"end":{"line":10,"column":null}},"2":{"start":{"line":14,"column":4},"end":{"line":14,"column":null}},"3":{"start":{"line":18,"column":4},"end":{"line":18,"column":null}},"4":{"start":{"line":22,"column":22},"end":{"line":22,"column":102}},"5":{"start":{"line":24,"column":4},"end":{"line":24,"column":null}},"6":{"start":{"line":7,"column":0},"end":{"line":7,"column":13}}},"fnMap":{"0":{"name":"(anonymous_7)","decl":{"start":{"line":9,"column":2},"end":{"line":9,"column":15}},"loc":{"start":{"line":9,"column":35},"end":{"line":11,"column":3}}},"1":{"name":"(anonymous_8)","decl":{"start":{"line":13,"column":8},"end":{"line":13,"column":19}},"loc":{"start":{"line":13,"column":35},"end":{"line":15,"column":null}}},"2":{"name":"(anonymous_10)","decl":{"start":{"line":17,"column":8},"end":{"line":17,"column":18}},"loc":{"start":{"line":17,"column":18},"end":{"line":19,"column":null}}},"3":{"name":"(anonymous_12)","decl":{"start":{"line":21,"column":8},"end":{"line":21,"column":16}},"loc":{"start":{"line":21,"column":28},"end":{"line":25,"column":null}}}},"branchMap":{},"s":{"0":1,"1":1,"2":0,"3":0,"4":0,"5":0,"6":1},"f":{"0":1,"1":0,"2":0,"3":0},"b":{}}
,"C:\\Users\\noah1\\Documents\\GitHub\\Pizzeria-don-remolo-backend\\src\\modules\\user\\interface\\user.controller.ts": {"path":"C:\\Users\\noah1\\Documents\\GitHub\\Pizzeria-don-remolo-backend\\src\\modules\\user\\interface\\user.controller.ts","statementMap":{"0":{"start":{"line":8,"column":32},"end":{"line":8,"column":56}},"1":{"start":{"line":8,"column":75},"end":{"line":8,"column":106}},"2":{"start":{"line":7,"column":2},"end":{"line":7,"column":null}},"3":{"start":{"line":13,"column":4},"end":{"line":13,"column":null}},"4":{"start":{"line":14,"column":4},"end":{"line":14,"column":null}},"5":{"start":{"line":6,"column":0},"end":{"line":6,"column":13}}},"fnMap":{"0":{"name":"(anonymous_0)","decl":{"start":{"line":8,"column":2},"end":{"line":8,"column":32}},"loc":{"start":{"line":8,"column":106},"end":{"line":10,"column":3}}},"1":{"name":"(anonymous_1)","decl":{"start":{"line":12,"column":2},"end":{"line":12,"column":17}},"loc":{"start":{"line":12,"column":35},"end":{"line":15,"column":3}}},"2":{"name":"(anonymous_2)","decl":{"start":{"line":13,"column":33},"end":{"line":13,"column":36}},"loc":{"start":{"line":13,"column":38},"end":{"line":13,"column":41}}},"3":{"name":"(anonymous_3)","decl":{"start":{"line":14,"column":37},"end":{"line":14,"column":40}},"loc":{"start":{"line":14,"column":42},"end":{"line":14,"column":45}}}},"branchMap":{},"s":{"0":1,"1":1,"2":1,"3":1,"4":1,"5":1},"f":{"0":1,"1":1,"2":0,"3":0},"b":{}}
}
